[TRACE] 2019-03-29 16:34:58.902 [main] MainApp - Entering application...
[INFO ] 2019-03-29 16:34:58.916 [main] MainApp - Hello Log4j2...
[ERROR] 2019-03-29 16:34:58.917 [main] MainApp - Something is wrong with this code Invalid message
[TRACE] 2019-03-29 16:34:58.917 [main] MainApp - Exiting application...
[TRACE] 2019-03-29 16:35:37.459 [main] Log4jDemo - This is trace message
[INFO ] 2019-03-29 16:35:37.471 [main] Log4jDemo - This is information message
[ERROR] 2019-03-29 16:35:37.471 [main] Log4jDemo - This is error message
[WARN ] 2019-03-29 16:35:37.471 [main] Log4jDemo - This is warning message
[FATAL] 2019-03-29 16:35:37.472 [main] Log4jDemo - This is Fatal message
[TRACE] 2019-03-29 16:36:32.952 [main] Log4jDemo - This is trace message
[INFO ] 2019-03-29 16:36:32.965 [main] Log4jDemo - This is information message
[ERROR] 2019-03-29 16:36:32.965 [main] Log4jDemo - This is error message
[WARN ] 2019-03-29 16:36:32.966 [main] Log4jDemo - This is warning message
[FATAL] 2019-03-29 16:36:32.967 [main] Log4jDemo - This is Fatal message
[TRACE] 2019-03-29 16:37:05.499 [main] MainApp - Entering application...
[INFO ] 2019-03-29 16:37:05.513 [main] MainApp - Hello Log4j2...
[ERROR] 2019-03-29 16:37:05.514 [main] MainApp - Something is wrong with this code Invalid message
[TRACE] 2019-03-29 16:37:05.514 [main] MainApp - Exiting application...
[TRACE] 2019-03-29 17:46:11.377 [main] Log4jDemo - This is trace message
[INFO ] 2019-03-29 17:46:11.393 [main] Log4jDemo - This is information message
[ERROR] 2019-03-29 17:46:11.393 [main] Log4jDemo - This is error message
[WARN ] 2019-03-29 17:46:11.394 [main] Log4jDemo - This is warning message
[FATAL] 2019-03-29 17:46:11.394 [main] Log4jDemo - This is Fatal message
[TRACE] 2019-03-29 17:46:38.814 [main] MainApp - Entering application...
[INFO ] 2019-03-29 17:46:38.825 [main] MainApp - Hello Log4j2...
[ERROR] 2019-03-29 17:46:38.825 [main] MainApp - Something is wrong with this code Invalid message
[TRACE] 2019-03-29 17:46:38.826 [main] MainApp - Exiting application...
[TRACE] 2019-03-29 17:47:24.262 [main] Log4jDemo - This is trace message
[INFO ] 2019-03-29 17:47:24.277 [main] Log4jDemo - This is information message
[ERROR] 2019-03-29 17:47:24.277 [main] Log4jDemo - This is error message
[WARN ] 2019-03-29 17:47:24.277 [main] Log4jDemo - This is warning message
[FATAL] 2019-03-29 17:47:24.278 [main] Log4jDemo - This is Fatal message
[TRACE] 2019-03-29 17:49:31.072 [main] MainApp - Entering application...
[INFO ] 2019-03-29 17:49:31.088 [main] MainApp - Hello Log4j2...
[ERROR] 2019-03-29 17:49:31.088 [main] MainApp - Something is wrong with this code Invalid message
[TRACE] 2019-03-29 17:49:31.089 [main] MainApp - Exiting application...
[TRACE] 2019-03-29 18:07:16.033 [main] Log4jDemo - This is trace message
[INFO ] 2019-03-29 18:07:16.048 [main] Log4jDemo - This is information message
[ERROR] 2019-03-29 18:07:16.048 [main] Log4jDemo - This is error message
[WARN ] 2019-03-29 18:07:16.049 [main] Log4jDemo - This is warning message
[FATAL] 2019-03-29 18:07:16.049 [main] Log4jDemo - This is Fatal message
[TRACE] 2019-03-29 18:09:40.383 [main] MainApp - Entering application...
[INFO ] 2019-03-29 18:09:40.393 [main] MainApp - Hello Log4j2...
[ERROR] 2019-03-29 18:09:40.394 [main] MainApp - Something is wrong with this code Invalid message
[TRACE] 2019-03-29 18:09:40.394 [main] MainApp - Exiting application...
